# JRE version: Java(TM) SE Runtime Environment 18.9 (11.0.9+7) (build 11.0.9+7-LTS)
# Java VM: Java HotSpot(TM) 64-Bit Server VM 18.9 (11.0.9+7-LTS, mixed mode, tiered, compressed oops, g1 gc, windows-amd64)
Heap:
 garbage-first heap   total 96256K, used 36501K [0x0000000710e00000, 0x0000000800000000)
  region size 1024K, 2 young (2048K), 1 survivors (1024K)
 Metaspace       used 79047K, capacity 81087K, committed 83748K, reserved 1122304K
  class space    used 9469K, capacity 10235K, committed 10752K, reserved 1048576K
GC Heap History (10 events):
Event: 33827.351 GC heap before
{Heap before GC invocations=128 (full 7):
 garbage-first heap   total 96256K, used 40036K [0x0000000710e00000, 0x0000000800000000)
  region size 1024K, 4 young (4096K), 3 survivors (3072K)
 Metaspace       used 79039K, capacity 81086K, committed 83748K, reserved 1122304K
  class space    used 9469K, capacity 10235K, committed 10752K, reserved 1048576K
}
Event: 33827.354 GC heap after
{Heap after GC invocations=129 (full 7):
 garbage-first heap   total 96256K, used 37674K [0x0000000710e00000, 0x0000000800000000)
  region size 1024K, 1 young (1024K), 1 survivors (1024K)
 Metaspace       used 79039K, capacity 81086K, committed 83748K, reserved 1122304K
  class space    used 9469K, capacity 10235K, committed 10752K, reserved 1048576K
}
Event: 34340.059 GC heap before
{Heap before GC invocations=129 (full 7):
 garbage-first heap   total 96256K, used 76586K [0x0000000710e00000, 0x0000000800000000)
  region size 1024K, 40 young (40960K), 1 survivors (1024K)
 Metaspace       used 79045K, capacity 81087K, committed 83748K, reserved 1122304K
  class space    used 9469K, capacity 10235K, committed 10752K, reserved 1048576K
}
Event: 34340.062 GC heap after
{Heap after GC invocations=130 (full 7):
 garbage-first heap   total 96256K, used 39684K [0x0000000710e00000, 0x0000000800000000)
  region size 1024K, 3 young (3072K), 3 survivors (3072K)
 Metaspace       used 79045K, capacity 81087K, committed 83748K, reserved 1122304K
  class space    used 9469K, capacity 10235K, committed 10752K, reserved 1048576K
}
Event: 35013.253 GC heap before
{Heap before GC invocations=131 (full 7):
 garbage-first heap   total 96256K, used 75524K [0x0000000710e00000, 0x0000000800000000)
  region size 1024K, 40 young (40960K), 3 survivors (3072K)
 Metaspace       used 79047K, capacity 81087K, committed 83748K, reserved 1122304K
  class space    used 9469K, capacity 10235K, committed 10752K, reserved 1048576K
}
Event: 35013.255 GC heap after
{Heap after GC invocations=132 (full 7):
 garbage-first heap   total 96256K, used 39842K [0x0000000710e00000, 0x0000000800000000)
  region size 1024K, 4 young (4096K), 4 survivors (4096K)
 Metaspace       used 79047K, capacity 81087K, committed 83748K, reserved 1122304K
  class space    used 9469K, capacity 10235K, committed 10752K, reserved 1048576K
}
Event: 35035.785 GC heap before
{Heap before GC invocations=132 (full 7):
 garbage-first heap   total 96256K, used 40866K [0x0000000710e00000, 0x0000000800000000)
  region size 1024K, 5 young (5120K), 4 survivors (4096K)
 Metaspace       used 79047K, capacity 81087K, committed 83748K, reserved 1122304K
  class space    used 9469K, capacity 10235K, committed 10752K, reserved 1048576K
}
Event: 35035.793 GC heap after
{Heap after GC invocations=133 (full 7):
 garbage-first heap   total 96256K, used 36531K [0x0000000710e00000, 0x0000000800000000)
  region size 1024K, 1 young (1024K), 1 survivors (1024K)
 Metaspace       used 79047K, capacity 81087K, committed 83748K, reserved 1122304K
  class space    used 9469K, capacity 10235K, committed 10752K, reserved 1048576K
}
Event: 35936.033 GC heap before
{Heap before GC invocations=133 (full 7):
 garbage-first heap   total 96256K, used 77491K [0x0000000710e00000, 0x0000000800000000)
  region size 1024K, 41 young (41984K), 1 survivors (1024K)
 Metaspace       used 79047K, capacity 81087K, committed 83748K, reserved 1122304K
  class space    used 9469K, capacity 10235K, committed 10752K, reserved 1048576K
}
Event: 35936.035 GC heap after
{Heap after GC invocations=134 (full 7):
 garbage-first heap   total 96256K, used 36501K [0x0000000710e00000, 0x0000000800000000)
  region size 1024K, 1 young (1024K), 1 survivors (1024K)
 Metaspace       used 79047K, capacity 81087K, committed 83748K, reserved 1122304K
  class space    used 9469K, capacity 10235K, committed 10752K, reserved 1048576K
}

